[2020-07-06 21:50:18] local.ERROR: Command "make:auth" is not defined.

Did you mean one of these?
    make:cast
    make:channel
    make:command
    make:component
    make:controller
    make:event
    make:exception
    make:factory
    make:job
    make:listener
    make:mail
    make:middleware
    make:migration
    make:model
    make:notification
    make:observer
    make:policy
    make:provider
    make:request
    make:resource
    make:rule
    make:seeder
    make:test {"exception":"[object] (Symfony\\Component\\Console\\Exception\\CommandNotFoundException(code: 0): Command \"make:auth\" is not defined.

Did you mean one of these?
    make:cast
    make:channel
    make:command
    make:component
    make:controller
    make:event
    make:exception
    make:factory
    make:job
    make:listener
    make:mail
    make:middleware
    make:migration
    make:model
    make:notification
    make:observer
    make:policy
    make:provider
    make:request
    make:resource
    make:rule
    make:seeder
    make:test at /media/vscalcione/Dati/dev/git-repository/task-app-laravel/vendor/symfony/console/Application.php:644)
[stacktrace]
#0 /media/vscalcione/Dati/dev/git-repository/task-app-laravel/vendor/symfony/console/Application.php(228): Symfony\\Component\\Console\\Application->find()
#1 /media/vscalcione/Dati/dev/git-repository/task-app-laravel/vendor/symfony/console/Application.php(140): Symfony\\Component\\Console\\Application->doRun()
#2 /media/vscalcione/Dati/dev/git-repository/task-app-laravel/vendor/laravel/framework/src/Illuminate/Console/Application.php(93): Symfony\\Component\\Console\\Application->run()
#3 /media/vscalcione/Dati/dev/git-repository/task-app-laravel/vendor/laravel/framework/src/Illuminate/Foundation/Console/Kernel.php(129): Illuminate\\Console\\Application->run()
#4 /media/vscalcione/Dati/dev/git-repository/task-app-laravel/artisan(37): Illuminate\\Foundation\\Console\\Kernel->handle()
#5 {main}
"} 
[2020-07-06 21:51:14] local.ERROR: could not find driver (SQL: select * from information_schema.tables where table_schema = laravel and table_name = migrations and table_type = 'BASE TABLE') {"exception":"[object] (Illuminate\\Database\\QueryException(code: 0): could not find driver (SQL: select * from information_schema.tables where table_schema = laravel and table_name = migrations and table_type = 'BASE TABLE') at /media/vscalcione/Dati/dev/git-repository/task-app-laravel/vendor/laravel/framework/src/Illuminate/Database/Connection.php:671)
[stacktrace]
#0 /media/vscalcione/Dati/dev/git-repository/task-app-laravel/vendor/laravel/framework/src/Illuminate/Database/Connection.php(631): Illuminate\\Database\\Connection->runQueryCallback()
#1 /media/vscalcione/Dati/dev/git-repository/task-app-laravel/vendor/laravel/framework/src/Illuminate/Database/Connection.php(339): Illuminate\\Database\\Connection->run()
#2 /media/vscalcione/Dati/dev/git-repository/task-app-laravel/vendor/laravel/framework/src/Illuminate/Database/Schema/MySqlBuilder.php(18): Illuminate\\Database\\Connection->select()
#3 /media/vscalcione/Dati/dev/git-repository/task-app-laravel/vendor/laravel/framework/src/Illuminate/Database/Migrations/DatabaseMigrationRepository.php(169): Illuminate\\Database\\Schema\\MySqlBuilder->hasTable()
#4 /media/vscalcione/Dati/dev/git-repository/task-app-laravel/vendor/laravel/framework/src/Illuminate/Database/Migrations/Migrator.php(608): Illuminate\\Database\\Migrations\\DatabaseMigrationRepository->repositoryExists()
#5 /media/vscalcione/Dati/dev/git-repository/task-app-laravel/vendor/laravel/framework/src/Illuminate/Database/Console/Migrations/MigrateCommand.php(93): Illuminate\\Database\\Migrations\\Migrator->repositoryExists()
#6 /media/vscalcione/Dati/dev/git-repository/task-app-laravel/vendor/laravel/framework/src/Illuminate/Database/Console/Migrations/MigrateCommand.php(64): Illuminate\\Database\\Console\\Migrations\\MigrateCommand->prepareDatabase()
#7 /media/vscalcione/Dati/dev/git-repository/task-app-laravel/vendor/laravel/framework/src/Illuminate/Database/Migrations/Migrator.php(541): Illuminate\\Database\\Console\\Migrations\\MigrateCommand->Illuminate\\Database\\Console\\Migrations\\{closure}()
#8 /media/vscalcione/Dati/dev/git-repository/task-app-laravel/vendor/laravel/framework/src/Illuminate/Database/Console/Migrations/MigrateCommand.php(81): Illuminate\\Database\\Migrations\\Migrator->usingConnection()
#9 [internal function]: Illuminate\\Database\\Console\\Migrations\\MigrateCommand->handle()
#10 /media/vscalcione/Dati/dev/git-repository/task-app-laravel/vendor/laravel/framework/src/Illuminate/Container/BoundMethod.php(33): call_user_func_array()
#11 /media/vscalcione/Dati/dev/git-repository/task-app-laravel/vendor/laravel/framework/src/Illuminate/Container/Util.php(37): Illuminate\\Container\\BoundMethod::Illuminate\\Container\\{closure}()
#12 /media/vscalcione/Dati/dev/git-repository/task-app-laravel/vendor/laravel/framework/src/Illuminate/Container/BoundMethod.php(91): Illuminate\\Container\\Util::unwrapIfClosure()
#13 /media/vscalcione/Dati/dev/git-repository/task-app-laravel/vendor/laravel/framework/src/Illuminate/Container/BoundMethod.php(35): Illuminate\\Container\\BoundMethod::callBoundMethod()
#14 /media/vscalcione/Dati/dev/git-repository/task-app-laravel/vendor/laravel/framework/src/Illuminate/Container/Container.php(592): Illuminate\\Container\\BoundMethod::call()
#15 /media/vscalcione/Dati/dev/git-repository/task-app-laravel/vendor/laravel/framework/src/Illuminate/Console/Command.php(134): Illuminate\\Container\\Container->call()
#16 /media/vscalcione/Dati/dev/git-repository/task-app-laravel/vendor/symfony/console/Command/Command.php(258): Illuminate\\Console\\Command->execute()
#17 /media/vscalcione/Dati/dev/git-repository/task-app-laravel/vendor/laravel/framework/src/Illuminate/Console/Command.php(121): Symfony\\Component\\Console\\Command\\Command->run()
#18 /media/vscalcione/Dati/dev/git-repository/task-app-laravel/vendor/symfony/console/Application.php(911): Illuminate\\Console\\Command->run()
#19 /media/vscalcione/Dati/dev/git-repository/task-app-laravel/vendor/symfony/console/Application.php(264): Symfony\\Component\\Console\\Application->doRunCommand()
#20 /media/vscalcione/Dati/dev/git-repository/task-app-laravel/vendor/symfony/console/Application.php(140): Symfony\\Component\\Console\\Application->doRun()
#21 /media/vscalcione/Dati/dev/git-repository/task-app-laravel/vendor/laravel/framework/src/Illuminate/Console/Application.php(93): Symfony\\Component\\Console\\Application->run()
#22 /media/vscalcione/Dati/dev/git-repository/task-app-laravel/vendor/laravel/framework/src/Illuminate/Foundation/Console/Kernel.php(129): Illuminate\\Console\\Application->run()
#23 /media/vscalcione/Dati/dev/git-repository/task-app-laravel/artisan(37): Illuminate\\Foundation\\Console\\Kernel->handle()
#24 {main}

[previous exception] [object] (PDOException(code: 0): could not find driver at /media/vscalcione/Dati/dev/git-repository/task-app-laravel/vendor/laravel/framework/src/Illuminate/Database/Connectors/Connector.php:70)
[stacktrace]
#0 /media/vscalcione/Dati/dev/git-repository/task-app-laravel/vendor/laravel/framework/src/Illuminate/Database/Connectors/Connector.php(70): PDO->__construct()
#1 /media/vscalcione/Dati/dev/git-repository/task-app-laravel/vendor/laravel/framework/src/Illuminate/Database/Connectors/Connector.php(46): Illuminate\\Database\\Connectors\\Connector->createPdoConnection()
#2 /media/vscalcione/Dati/dev/git-repository/task-app-laravel/vendor/laravel/framework/src/Illuminate/Database/Connectors/MySqlConnector.php(24): Illuminate\\Database\\Connectors\\Connector->createConnection()
#3 /media/vscalcione/Dati/dev/git-repository/task-app-laravel/vendor/laravel/framework/src/Illuminate/Database/Connectors/ConnectionFactory.php(184): Illuminate\\Database\\Connectors\\MySqlConnector->connect()
#4 [internal function]: Illuminate\\Database\\Connectors\\ConnectionFactory->Illuminate\\Database\\Connectors\\{closure}()
#5 /media/vscalcione/Dati/dev/git-repository/task-app-laravel/vendor/laravel/framework/src/Illuminate/Database/Connection.php(926): call_user_func()
#6 /media/vscalcione/Dati/dev/git-repository/task-app-laravel/vendor/laravel/framework/src/Illuminate/Database/Connection.php(961): Illuminate\\Database\\Connection->getPdo()
#7 /media/vscalcione/Dati/dev/git-repository/task-app-laravel/vendor/laravel/framework/src/Illuminate/Database/Connection.php(405): Illuminate\\Database\\Connection->getReadPdo()
#8 /media/vscalcione/Dati/dev/git-repository/task-app-laravel/vendor/laravel/framework/src/Illuminate/Database/Connection.php(331): Illuminate\\Database\\Connection->getPdoForSelect()
#9 /media/vscalcione/Dati/dev/git-repository/task-app-laravel/vendor/laravel/framework/src/Illuminate/Database/Connection.php(664): Illuminate\\Database\\Connection->Illuminate\\Database\\{closure}()
#10 /media/vscalcione/Dati/dev/git-repository/task-app-laravel/vendor/laravel/framework/src/Illuminate/Database/Connection.php(631): Illuminate\\Database\\Connection->runQueryCallback()
#11 /media/vscalcione/Dati/dev/git-repository/task-app-laravel/vendor/laravel/framework/src/Illuminate/Database/Connection.php(339): Illuminate\\Database\\Connection->run()
#12 /media/vscalcione/Dati/dev/git-repository/task-app-laravel/vendor/laravel/framework/src/Illuminate/Database/Schema/MySqlBuilder.php(18): Illuminate\\Database\\Connection->select()
#13 /media/vscalcione/Dati/dev/git-repository/task-app-laravel/vendor/laravel/framework/src/Illuminate/Database/Migrations/DatabaseMigrationRepository.php(169): Illuminate\\Database\\Schema\\MySqlBuilder->hasTable()
#14 /media/vscalcione/Dati/dev/git-repository/task-app-laravel/vendor/laravel/framework/src/Illuminate/Database/Migrations/Migrator.php(608): Illuminate\\Database\\Migrations\\DatabaseMigrationRepository->repositoryExists()
#15 /media/vscalcione/Dati/dev/git-repository/task-app-laravel/vendor/laravel/framework/src/Illuminate/Database/Console/Migrations/MigrateCommand.php(93): Illuminate\\Database\\Migrations\\Migrator->repositoryExists()
#16 /media/vscalcione/Dati/dev/git-repository/task-app-laravel/vendor/laravel/framework/src/Illuminate/Database/Console/Migrations/MigrateCommand.php(64): Illuminate\\Database\\Console\\Migrations\\MigrateCommand->prepareDatabase()
#17 /media/vscalcione/Dati/dev/git-repository/task-app-laravel/vendor/laravel/framework/src/Illuminate/Database/Migrations/Migrator.php(541): Illuminate\\Database\\Console\\Migrations\\MigrateCommand->Illuminate\\Database\\Console\\Migrations\\{closure}()
#18 /media/vscalcione/Dati/dev/git-repository/task-app-laravel/vendor/laravel/framework/src/Illuminate/Database/Console/Migrations/MigrateCommand.php(81): Illuminate\\Database\\Migrations\\Migrator->usingConnection()
#19 [internal function]: Illuminate\\Database\\Console\\Migrations\\MigrateCommand->handle()
#20 /media/vscalcione/Dati/dev/git-repository/task-app-laravel/vendor/laravel/framework/src/Illuminate/Container/BoundMethod.php(33): call_user_func_array()
#21 /media/vscalcione/Dati/dev/git-repository/task-app-laravel/vendor/laravel/framework/src/Illuminate/Container/Util.php(37): Illuminate\\Container\\BoundMethod::Illuminate\\Container\\{closure}()
#22 /media/vscalcione/Dati/dev/git-repository/task-app-laravel/vendor/laravel/framework/src/Illuminate/Container/BoundMethod.php(91): Illuminate\\Container\\Util::unwrapIfClosure()
#23 /media/vscalcione/Dati/dev/git-repository/task-app-laravel/vendor/laravel/framework/src/Illuminate/Container/BoundMethod.php(35): Illuminate\\Container\\BoundMethod::callBoundMethod()
#24 /media/vscalcione/Dati/dev/git-repository/task-app-laravel/vendor/laravel/framework/src/Illuminate/Container/Container.php(592): Illuminate\\Container\\BoundMethod::call()
#25 /media/vscalcione/Dati/dev/git-repository/task-app-laravel/vendor/laravel/framework/src/Illuminate/Console/Command.php(134): Illuminate\\Container\\Container->call()
#26 /media/vscalcione/Dati/dev/git-repository/task-app-laravel/vendor/symfony/console/Command/Command.php(258): Illuminate\\Console\\Command->execute()
#27 /media/vscalcione/Dati/dev/git-repository/task-app-laravel/vendor/laravel/framework/src/Illuminate/Console/Command.php(121): Symfony\\Component\\Console\\Command\\Command->run()
#28 /media/vscalcione/Dati/dev/git-repository/task-app-laravel/vendor/symfony/console/Application.php(911): Illuminate\\Console\\Command->run()
#29 /media/vscalcione/Dati/dev/git-repository/task-app-laravel/vendor/symfony/console/Application.php(264): Symfony\\Component\\Console\\Application->doRunCommand()
#30 /media/vscalcione/Dati/dev/git-repository/task-app-laravel/vendor/symfony/console/Application.php(140): Symfony\\Component\\Console\\Application->doRun()
#31 /media/vscalcione/Dati/dev/git-repository/task-app-laravel/vendor/laravel/framework/src/Illuminate/Console/Application.php(93): Symfony\\Component\\Console\\Application->run()
#32 /media/vscalcione/Dati/dev/git-repository/task-app-laravel/vendor/laravel/framework/src/Illuminate/Foundation/Console/Kernel.php(129): Illuminate\\Console\\Application->run()
#33 /media/vscalcione/Dati/dev/git-repository/task-app-laravel/artisan(37): Illuminate\\Foundation\\Console\\Kernel->handle()
#34 {main}
"} 
[2020-07-06 21:54:14] local.ERROR: could not find driver (SQL: select * from information_schema.tables where table_schema = laravel and table_name = migrations and table_type = 'BASE TABLE') {"exception":"[object] (Illuminate\\Database\\QueryException(code: 0): could not find driver (SQL: select * from information_schema.tables where table_schema = laravel and table_name = migrations and table_type = 'BASE TABLE') at /media/vscalcione/Dati/dev/git-repository/task-app-laravel/vendor/laravel/framework/src/Illuminate/Database/Connection.php:671)
[stacktrace]
#0 /media/vscalcione/Dati/dev/git-repository/task-app-laravel/vendor/laravel/framework/src/Illuminate/Database/Connection.php(631): Illuminate\\Database\\Connection->runQueryCallback()
#1 /media/vscalcione/Dati/dev/git-repository/task-app-laravel/vendor/laravel/framework/src/Illuminate/Database/Connection.php(339): Illuminate\\Database\\Connection->run()
#2 /media/vscalcione/Dati/dev/git-repository/task-app-laravel/vendor/laravel/framework/src/Illuminate/Database/Schema/MySqlBuilder.php(18): Illuminate\\Database\\Connection->select()
#3 /media/vscalcione/Dati/dev/git-repository/task-app-laravel/vendor/laravel/framework/src/Illuminate/Database/Migrations/DatabaseMigrationRepository.php(169): Illuminate\\Database\\Schema\\MySqlBuilder->hasTable()
#4 /media/vscalcione/Dati/dev/git-repository/task-app-laravel/vendor/laravel/framework/src/Illuminate/Database/Migrations/Migrator.php(608): Illuminate\\Database\\Migrations\\DatabaseMigrationRepository->repositoryExists()
#5 /media/vscalcione/Dati/dev/git-repository/task-app-laravel/vendor/laravel/framework/src/Illuminate/Database/Console/Migrations/MigrateCommand.php(93): Illuminate\\Database\\Migrations\\Migrator->repositoryExists()
#6 /media/vscalcione/Dati/dev/git-repository/task-app-laravel/vendor/laravel/framework/src/Illuminate/Database/Console/Migrations/MigrateCommand.php(64): Illuminate\\Database\\Console\\Migrations\\MigrateCommand->prepareDatabase()
#7 /media/vscalcione/Dati/dev/git-repository/task-app-laravel/vendor/laravel/framework/src/Illuminate/Database/Migrations/Migrator.php(541): Illuminate\\Database\\Console\\Migrations\\MigrateCommand->Illuminate\\Database\\Console\\Migrations\\{closure}()
#8 /media/vscalcione/Dati/dev/git-repository/task-app-laravel/vendor/laravel/framework/src/Illuminate/Database/Console/Migrations/MigrateCommand.php(81): Illuminate\\Database\\Migrations\\Migrator->usingConnection()
#9 [internal function]: Illuminate\\Database\\Console\\Migrations\\MigrateCommand->handle()
#10 /media/vscalcione/Dati/dev/git-repository/task-app-laravel/vendor/laravel/framework/src/Illuminate/Container/BoundMethod.php(33): call_user_func_array()
#11 /media/vscalcione/Dati/dev/git-repository/task-app-laravel/vendor/laravel/framework/src/Illuminate/Container/Util.php(37): Illuminate\\Container\\BoundMethod::Illuminate\\Container\\{closure}()
#12 /media/vscalcione/Dati/dev/git-repository/task-app-laravel/vendor/laravel/framework/src/Illuminate/Container/BoundMethod.php(91): Illuminate\\Container\\Util::unwrapIfClosure()
#13 /media/vscalcione/Dati/dev/git-repository/task-app-laravel/vendor/laravel/framework/src/Illuminate/Container/BoundMethod.php(35): Illuminate\\Container\\BoundMethod::callBoundMethod()
#14 /media/vscalcione/Dati/dev/git-repository/task-app-laravel/vendor/laravel/framework/src/Illuminate/Container/Container.php(592): Illuminate\\Container\\BoundMethod::call()
#15 /media/vscalcione/Dati/dev/git-repository/task-app-laravel/vendor/laravel/framework/src/Illuminate/Console/Command.php(134): Illuminate\\Container\\Container->call()
#16 /media/vscalcione/Dati/dev/git-repository/task-app-laravel/vendor/symfony/console/Command/Command.php(258): Illuminate\\Console\\Command->execute()
#17 /media/vscalcione/Dati/dev/git-repository/task-app-laravel/vendor/laravel/framework/src/Illuminate/Console/Command.php(121): Symfony\\Component\\Console\\Command\\Command->run()
#18 /media/vscalcione/Dati/dev/git-repository/task-app-laravel/vendor/symfony/console/Application.php(911): Illuminate\\Console\\Command->run()
#19 /media/vscalcione/Dati/dev/git-repository/task-app-laravel/vendor/symfony/console/Application.php(264): Symfony\\Component\\Console\\Application->doRunCommand()
#20 /media/vscalcione/Dati/dev/git-repository/task-app-laravel/vendor/symfony/console/Application.php(140): Symfony\\Component\\Console\\Application->doRun()
#21 /media/vscalcione/Dati/dev/git-repository/task-app-laravel/vendor/laravel/framework/src/Illuminate/Console/Application.php(93): Symfony\\Component\\Console\\Application->run()
#22 /media/vscalcione/Dati/dev/git-repository/task-app-laravel/vendor/laravel/framework/src/Illuminate/Foundation/Console/Kernel.php(129): Illuminate\\Console\\Application->run()
#23 /media/vscalcione/Dati/dev/git-repository/task-app-laravel/artisan(37): Illuminate\\Foundation\\Console\\Kernel->handle()
#24 {main}

[previous exception] [object] (PDOException(code: 0): could not find driver at /media/vscalcione/Dati/dev/git-repository/task-app-laravel/vendor/laravel/framework/src/Illuminate/Database/Connectors/Connector.php:70)
[stacktrace]
#0 /media/vscalcione/Dati/dev/git-repository/task-app-laravel/vendor/laravel/framework/src/Illuminate/Database/Connectors/Connector.php(70): PDO->__construct()
#1 /media/vscalcione/Dati/dev/git-repository/task-app-laravel/vendor/laravel/framework/src/Illuminate/Database/Connectors/Connector.php(46): Illuminate\\Database\\Connectors\\Connector->createPdoConnection()
#2 /media/vscalcione/Dati/dev/git-repository/task-app-laravel/vendor/laravel/framework/src/Illuminate/Database/Connectors/MySqlConnector.php(24): Illuminate\\Database\\Connectors\\Connector->createConnection()
#3 /media/vscalcione/Dati/dev/git-repository/task-app-laravel/vendor/laravel/framework/src/Illuminate/Database/Connectors/ConnectionFactory.php(184): Illuminate\\Database\\Connectors\\MySqlConnector->connect()
#4 [internal function]: Illuminate\\Database\\Connectors\\ConnectionFactory->Illuminate\\Database\\Connectors\\{closure}()
#5 /media/vscalcione/Dati/dev/git-repository/task-app-laravel/vendor/laravel/framework/src/Illuminate/Database/Connection.php(926): call_user_func()
#6 /media/vscalcione/Dati/dev/git-repository/task-app-laravel/vendor/laravel/framework/src/Illuminate/Database/Connection.php(961): Illuminate\\Database\\Connection->getPdo()
#7 /media/vscalcione/Dati/dev/git-repository/task-app-laravel/vendor/laravel/framework/src/Illuminate/Database/Connection.php(405): Illuminate\\Database\\Connection->getReadPdo()
#8 /media/vscalcione/Dati/dev/git-repository/task-app-laravel/vendor/laravel/framework/src/Illuminate/Database/Connection.php(331): Illuminate\\Database\\Connection->getPdoForSelect()
#9 /media/vscalcione/Dati/dev/git-repository/task-app-laravel/vendor/laravel/framework/src/Illuminate/Database/Connection.php(664): Illuminate\\Database\\Connection->Illuminate\\Database\\{closure}()
#10 /media/vscalcione/Dati/dev/git-repository/task-app-laravel/vendor/laravel/framework/src/Illuminate/Database/Connection.php(631): Illuminate\\Database\\Connection->runQueryCallback()
#11 /media/vscalcione/Dati/dev/git-repository/task-app-laravel/vendor/laravel/framework/src/Illuminate/Database/Connection.php(339): Illuminate\\Database\\Connection->run()
#12 /media/vscalcione/Dati/dev/git-repository/task-app-laravel/vendor/laravel/framework/src/Illuminate/Database/Schema/MySqlBuilder.php(18): Illuminate\\Database\\Connection->select()
#13 /media/vscalcione/Dati/dev/git-repository/task-app-laravel/vendor/laravel/framework/src/Illuminate/Database/Migrations/DatabaseMigrationRepository.php(169): Illuminate\\Database\\Schema\\MySqlBuilder->hasTable()
#14 /media/vscalcione/Dati/dev/git-repository/task-app-laravel/vendor/laravel/framework/src/Illuminate/Database/Migrations/Migrator.php(608): Illuminate\\Database\\Migrations\\DatabaseMigrationRepository->repositoryExists()
#15 /media/vscalcione/Dati/dev/git-repository/task-app-laravel/vendor/laravel/framework/src/Illuminate/Database/Console/Migrations/MigrateCommand.php(93): Illuminate\\Database\\Migrations\\Migrator->repositoryExists()
#16 /media/vscalcione/Dati/dev/git-repository/task-app-laravel/vendor/laravel/framework/src/Illuminate/Database/Console/Migrations/MigrateCommand.php(64): Illuminate\\Database\\Console\\Migrations\\MigrateCommand->prepareDatabase()
#17 /media/vscalcione/Dati/dev/git-repository/task-app-laravel/vendor/laravel/framework/src/Illuminate/Database/Migrations/Migrator.php(541): Illuminate\\Database\\Console\\Migrations\\MigrateCommand->Illuminate\\Database\\Console\\Migrations\\{closure}()
#18 /media/vscalcione/Dati/dev/git-repository/task-app-laravel/vendor/laravel/framework/src/Illuminate/Database/Console/Migrations/MigrateCommand.php(81): Illuminate\\Database\\Migrations\\Migrator->usingConnection()
#19 [internal function]: Illuminate\\Database\\Console\\Migrations\\MigrateCommand->handle()
#20 /media/vscalcione/Dati/dev/git-repository/task-app-laravel/vendor/laravel/framework/src/Illuminate/Container/BoundMethod.php(33): call_user_func_array()
#21 /media/vscalcione/Dati/dev/git-repository/task-app-laravel/vendor/laravel/framework/src/Illuminate/Container/Util.php(37): Illuminate\\Container\\BoundMethod::Illuminate\\Container\\{closure}()
#22 /media/vscalcione/Dati/dev/git-repository/task-app-laravel/vendor/laravel/framework/src/Illuminate/Container/BoundMethod.php(91): Illuminate\\Container\\Util::unwrapIfClosure()
#23 /media/vscalcione/Dati/dev/git-repository/task-app-laravel/vendor/laravel/framework/src/Illuminate/Container/BoundMethod.php(35): Illuminate\\Container\\BoundMethod::callBoundMethod()
#24 /media/vscalcione/Dati/dev/git-repository/task-app-laravel/vendor/laravel/framework/src/Illuminate/Container/Container.php(592): Illuminate\\Container\\BoundMethod::call()
#25 /media/vscalcione/Dati/dev/git-repository/task-app-laravel/vendor/laravel/framework/src/Illuminate/Console/Command.php(134): Illuminate\\Container\\Container->call()
#26 /media/vscalcione/Dati/dev/git-repository/task-app-laravel/vendor/symfony/console/Command/Command.php(258): Illuminate\\Console\\Command->execute()
#27 /media/vscalcione/Dati/dev/git-repository/task-app-laravel/vendor/laravel/framework/src/Illuminate/Console/Command.php(121): Symfony\\Component\\Console\\Command\\Command->run()
#28 /media/vscalcione/Dati/dev/git-repository/task-app-laravel/vendor/symfony/console/Application.php(911): Illuminate\\Console\\Command->run()
#29 /media/vscalcione/Dati/dev/git-repository/task-app-laravel/vendor/symfony/console/Application.php(264): Symfony\\Component\\Console\\Application->doRunCommand()
#30 /media/vscalcione/Dati/dev/git-repository/task-app-laravel/vendor/symfony/console/Application.php(140): Symfony\\Component\\Console\\Application->doRun()
#31 /media/vscalcione/Dati/dev/git-repository/task-app-laravel/vendor/laravel/framework/src/Illuminate/Console/Application.php(93): Symfony\\Component\\Console\\Application->run()
#32 /media/vscalcione/Dati/dev/git-repository/task-app-laravel/vendor/laravel/framework/src/Illuminate/Foundation/Console/Kernel.php(129): Illuminate\\Console\\Application->run()
#33 /media/vscalcione/Dati/dev/git-repository/task-app-laravel/artisan(37): Illuminate\\Foundation\\Console\\Kernel->handle()
#34 {main}
"} 
[2020-07-06 21:54:26] local.ERROR: Command "make:auth" is not defined.

Did you mean one of these?
    make:cast
    make:channel
    make:command
    make:component
    make:controller
    make:event
    make:exception
    make:factory
    make:job
    make:listener
    make:mail
    make:middleware
    make:migration
    make:model
    make:notification
    make:observer
    make:policy
    make:provider
    make:request
    make:resource
    make:rule
    make:seeder
    make:test {"exception":"[object] (Symfony\\Component\\Console\\Exception\\CommandNotFoundException(code: 0): Command \"make:auth\" is not defined.

Did you mean one of these?
    make:cast
    make:channel
    make:command
    make:component
    make:controller
    make:event
    make:exception
    make:factory
    make:job
    make:listener
    make:mail
    make:middleware
    make:migration
    make:model
    make:notification
    make:observer
    make:policy
    make:provider
    make:request
    make:resource
    make:rule
    make:seeder
    make:test at /media/vscalcione/Dati/dev/git-repository/task-app-laravel/vendor/symfony/console/Application.php:644)
[stacktrace]
#0 /media/vscalcione/Dati/dev/git-repository/task-app-laravel/vendor/symfony/console/Application.php(228): Symfony\\Component\\Console\\Application->find()
#1 /media/vscalcione/Dati/dev/git-repository/task-app-laravel/vendor/symfony/console/Application.php(140): Symfony\\Component\\Console\\Application->doRun()
#2 /media/vscalcione/Dati/dev/git-repository/task-app-laravel/vendor/laravel/framework/src/Illuminate/Console/Application.php(93): Symfony\\Component\\Console\\Application->run()
#3 /media/vscalcione/Dati/dev/git-repository/task-app-laravel/vendor/laravel/framework/src/Illuminate/Foundation/Console/Kernel.php(129): Illuminate\\Console\\Application->run()
#4 /media/vscalcione/Dati/dev/git-repository/task-app-laravel/artisan(37): Illuminate\\Foundation\\Console\\Kernel->handle()
#5 {main}
"} 
[2020-07-06 21:54:48] local.ERROR: Not enough arguments (missing: "name"). {"exception":"[object] (Symfony\\Component\\Console\\Exception\\RuntimeException(code: 0): Not enough arguments (missing: \"name\"). at /media/vscalcione/Dati/dev/git-repository/task-app-laravel/vendor/symfony/console/Input/Input.php:76)
[stacktrace]
#0 /media/vscalcione/Dati/dev/git-repository/task-app-laravel/vendor/symfony/console/Command/Command.php(253): Symfony\\Component\\Console\\Input\\Input->validate()
#1 /media/vscalcione/Dati/dev/git-repository/task-app-laravel/vendor/laravel/framework/src/Illuminate/Console/Command.php(121): Symfony\\Component\\Console\\Command\\Command->run()
#2 /media/vscalcione/Dati/dev/git-repository/task-app-laravel/vendor/symfony/console/Application.php(911): Illuminate\\Console\\Command->run()
#3 /media/vscalcione/Dati/dev/git-repository/task-app-laravel/vendor/symfony/console/Application.php(264): Symfony\\Component\\Console\\Application->doRunCommand()
#4 /media/vscalcione/Dati/dev/git-repository/task-app-laravel/vendor/symfony/console/Application.php(140): Symfony\\Component\\Console\\Application->doRun()
#5 /media/vscalcione/Dati/dev/git-repository/task-app-laravel/vendor/laravel/framework/src/Illuminate/Console/Application.php(93): Symfony\\Component\\Console\\Application->run()
#6 /media/vscalcione/Dati/dev/git-repository/task-app-laravel/vendor/laravel/framework/src/Illuminate/Foundation/Console/Kernel.php(129): Illuminate\\Console\\Application->run()
#7 /media/vscalcione/Dati/dev/git-repository/task-app-laravel/artisan(37): Illuminate\\Foundation\\Console\\Kernel->handle()
#8 {main}
"} 
[2020-07-06 21:58:30] local.ERROR: could not find driver (SQL: select * from information_schema.tables where table_schema = laravel and table_name = migrations and table_type = 'BASE TABLE') {"exception":"[object] (Illuminate\\Database\\QueryException(code: 0): could not find driver (SQL: select * from information_schema.tables where table_schema = laravel and table_name = migrations and table_type = 'BASE TABLE') at /media/vscalcione/Dati/dev/git-repository/task-app-laravel/vendor/laravel/framework/src/Illuminate/Database/Connection.php:671)
[stacktrace]
#0 /media/vscalcione/Dati/dev/git-repository/task-app-laravel/vendor/laravel/framework/src/Illuminate/Database/Connection.php(631): Illuminate\\Database\\Connection->runQueryCallback()
#1 /media/vscalcione/Dati/dev/git-repository/task-app-laravel/vendor/laravel/framework/src/Illuminate/Database/Connection.php(339): Illuminate\\Database\\Connection->run()
#2 /media/vscalcione/Dati/dev/git-repository/task-app-laravel/vendor/laravel/framework/src/Illuminate/Database/Schema/MySqlBuilder.php(18): Illuminate\\Database\\Connection->select()
#3 /media/vscalcione/Dati/dev/git-repository/task-app-laravel/vendor/laravel/framework/src/Illuminate/Database/Migrations/DatabaseMigrationRepository.php(169): Illuminate\\Database\\Schema\\MySqlBuilder->hasTable()
#4 /media/vscalcione/Dati/dev/git-repository/task-app-laravel/vendor/laravel/framework/src/Illuminate/Database/Migrations/Migrator.php(608): Illuminate\\Database\\Migrations\\DatabaseMigrationRepository->repositoryExists()
#5 /media/vscalcione/Dati/dev/git-repository/task-app-laravel/vendor/laravel/framework/src/Illuminate/Database/Console/Migrations/MigrateCommand.php(93): Illuminate\\Database\\Migrations\\Migrator->repositoryExists()
#6 /media/vscalcione/Dati/dev/git-repository/task-app-laravel/vendor/laravel/framework/src/Illuminate/Database/Console/Migrations/MigrateCommand.php(64): Illuminate\\Database\\Console\\Migrations\\MigrateCommand->prepareDatabase()
#7 /media/vscalcione/Dati/dev/git-repository/task-app-laravel/vendor/laravel/framework/src/Illuminate/Database/Migrations/Migrator.php(541): Illuminate\\Database\\Console\\Migrations\\MigrateCommand->Illuminate\\Database\\Console\\Migrations\\{closure}()
#8 /media/vscalcione/Dati/dev/git-repository/task-app-laravel/vendor/laravel/framework/src/Illuminate/Database/Console/Migrations/MigrateCommand.php(81): Illuminate\\Database\\Migrations\\Migrator->usingConnection()
#9 [internal function]: Illuminate\\Database\\Console\\Migrations\\MigrateCommand->handle()
#10 /media/vscalcione/Dati/dev/git-repository/task-app-laravel/vendor/laravel/framework/src/Illuminate/Container/BoundMethod.php(33): call_user_func_array()
#11 /media/vscalcione/Dati/dev/git-repository/task-app-laravel/vendor/laravel/framework/src/Illuminate/Container/Util.php(37): Illuminate\\Container\\BoundMethod::Illuminate\\Container\\{closure}()
#12 /media/vscalcione/Dati/dev/git-repository/task-app-laravel/vendor/laravel/framework/src/Illuminate/Container/BoundMethod.php(91): Illuminate\\Container\\Util::unwrapIfClosure()
#13 /media/vscalcione/Dati/dev/git-repository/task-app-laravel/vendor/laravel/framework/src/Illuminate/Container/BoundMethod.php(35): Illuminate\\Container\\BoundMethod::callBoundMethod()
#14 /media/vscalcione/Dati/dev/git-repository/task-app-laravel/vendor/laravel/framework/src/Illuminate/Container/Container.php(592): Illuminate\\Container\\BoundMethod::call()
#15 /media/vscalcione/Dati/dev/git-repository/task-app-laravel/vendor/laravel/framework/src/Illuminate/Console/Command.php(134): Illuminate\\Container\\Container->call()
#16 /media/vscalcione/Dati/dev/git-repository/task-app-laravel/vendor/symfony/console/Command/Command.php(258): Illuminate\\Console\\Command->execute()
#17 /media/vscalcione/Dati/dev/git-repository/task-app-laravel/vendor/laravel/framework/src/Illuminate/Console/Command.php(121): Symfony\\Component\\Console\\Command\\Command->run()
#18 /media/vscalcione/Dati/dev/git-repository/task-app-laravel/vendor/symfony/console/Application.php(911): Illuminate\\Console\\Command->run()
#19 /media/vscalcione/Dati/dev/git-repository/task-app-laravel/vendor/symfony/console/Application.php(264): Symfony\\Component\\Console\\Application->doRunCommand()
#20 /media/vscalcione/Dati/dev/git-repository/task-app-laravel/vendor/symfony/console/Application.php(140): Symfony\\Component\\Console\\Application->doRun()
#21 /media/vscalcione/Dati/dev/git-repository/task-app-laravel/vendor/laravel/framework/src/Illuminate/Console/Application.php(93): Symfony\\Component\\Console\\Application->run()
#22 /media/vscalcione/Dati/dev/git-repository/task-app-laravel/vendor/laravel/framework/src/Illuminate/Foundation/Console/Kernel.php(129): Illuminate\\Console\\Application->run()
#23 /media/vscalcione/Dati/dev/git-repository/task-app-laravel/artisan(37): Illuminate\\Foundation\\Console\\Kernel->handle()
#24 {main}

[previous exception] [object] (PDOException(code: 0): could not find driver at /media/vscalcione/Dati/dev/git-repository/task-app-laravel/vendor/laravel/framework/src/Illuminate/Database/Connectors/Connector.php:70)
[stacktrace]
#0 /media/vscalcione/Dati/dev/git-repository/task-app-laravel/vendor/laravel/framework/src/Illuminate/Database/Connectors/Connector.php(70): PDO->__construct()
#1 /media/vscalcione/Dati/dev/git-repository/task-app-laravel/vendor/laravel/framework/src/Illuminate/Database/Connectors/Connector.php(46): Illuminate\\Database\\Connectors\\Connector->createPdoConnection()
#2 /media/vscalcione/Dati/dev/git-repository/task-app-laravel/vendor/laravel/framework/src/Illuminate/Database/Connectors/MySqlConnector.php(24): Illuminate\\Database\\Connectors\\Connector->createConnection()
#3 /media/vscalcione/Dati/dev/git-repository/task-app-laravel/vendor/laravel/framework/src/Illuminate/Database/Connectors/ConnectionFactory.php(184): Illuminate\\Database\\Connectors\\MySqlConnector->connect()
#4 [internal function]: Illuminate\\Database\\Connectors\\ConnectionFactory->Illuminate\\Database\\Connectors\\{closure}()
#5 /media/vscalcione/Dati/dev/git-repository/task-app-laravel/vendor/laravel/framework/src/Illuminate/Database/Connection.php(926): call_user_func()
#6 /media/vscalcione/Dati/dev/git-repository/task-app-laravel/vendor/laravel/framework/src/Illuminate/Database/Connection.php(961): Illuminate\\Database\\Connection->getPdo()
#7 /media/vscalcione/Dati/dev/git-repository/task-app-laravel/vendor/laravel/framework/src/Illuminate/Database/Connection.php(405): Illuminate\\Database\\Connection->getReadPdo()
#8 /media/vscalcione/Dati/dev/git-repository/task-app-laravel/vendor/laravel/framework/src/Illuminate/Database/Connection.php(331): Illuminate\\Database\\Connection->getPdoForSelect()
#9 /media/vscalcione/Dati/dev/git-repository/task-app-laravel/vendor/laravel/framework/src/Illuminate/Database/Connection.php(664): Illuminate\\Database\\Connection->Illuminate\\Database\\{closure}()
#10 /media/vscalcione/Dati/dev/git-repository/task-app-laravel/vendor/laravel/framework/src/Illuminate/Database/Connection.php(631): Illuminate\\Database\\Connection->runQueryCallback()
#11 /media/vscalcione/Dati/dev/git-repository/task-app-laravel/vendor/laravel/framework/src/Illuminate/Database/Connection.php(339): Illuminate\\Database\\Connection->run()
#12 /media/vscalcione/Dati/dev/git-repository/task-app-laravel/vendor/laravel/framework/src/Illuminate/Database/Schema/MySqlBuilder.php(18): Illuminate\\Database\\Connection->select()
#13 /media/vscalcione/Dati/dev/git-repository/task-app-laravel/vendor/laravel/framework/src/Illuminate/Database/Migrations/DatabaseMigrationRepository.php(169): Illuminate\\Database\\Schema\\MySqlBuilder->hasTable()
#14 /media/vscalcione/Dati/dev/git-repository/task-app-laravel/vendor/laravel/framework/src/Illuminate/Database/Migrations/Migrator.php(608): Illuminate\\Database\\Migrations\\DatabaseMigrationRepository->repositoryExists()
#15 /media/vscalcione/Dati/dev/git-repository/task-app-laravel/vendor/laravel/framework/src/Illuminate/Database/Console/Migrations/MigrateCommand.php(93): Illuminate\\Database\\Migrations\\Migrator->repositoryExists()
#16 /media/vscalcione/Dati/dev/git-repository/task-app-laravel/vendor/laravel/framework/src/Illuminate/Database/Console/Migrations/MigrateCommand.php(64): Illuminate\\Database\\Console\\Migrations\\MigrateCommand->prepareDatabase()
#17 /media/vscalcione/Dati/dev/git-repository/task-app-laravel/vendor/laravel/framework/src/Illuminate/Database/Migrations/Migrator.php(541): Illuminate\\Database\\Console\\Migrations\\MigrateCommand->Illuminate\\Database\\Console\\Migrations\\{closure}()
#18 /media/vscalcione/Dati/dev/git-repository/task-app-laravel/vendor/laravel/framework/src/Illuminate/Database/Console/Migrations/MigrateCommand.php(81): Illuminate\\Database\\Migrations\\Migrator->usingConnection()
#19 [internal function]: Illuminate\\Database\\Console\\Migrations\\MigrateCommand->handle()
#20 /media/vscalcione/Dati/dev/git-repository/task-app-laravel/vendor/laravel/framework/src/Illuminate/Container/BoundMethod.php(33): call_user_func_array()
#21 /media/vscalcione/Dati/dev/git-repository/task-app-laravel/vendor/laravel/framework/src/Illuminate/Container/Util.php(37): Illuminate\\Container\\BoundMethod::Illuminate\\Container\\{closure}()
#22 /media/vscalcione/Dati/dev/git-repository/task-app-laravel/vendor/laravel/framework/src/Illuminate/Container/BoundMethod.php(91): Illuminate\\Container\\Util::unwrapIfClosure()
#23 /media/vscalcione/Dati/dev/git-repository/task-app-laravel/vendor/laravel/framework/src/Illuminate/Container/BoundMethod.php(35): Illuminate\\Container\\BoundMethod::callBoundMethod()
#24 /media/vscalcione/Dati/dev/git-repository/task-app-laravel/vendor/laravel/framework/src/Illuminate/Container/Container.php(592): Illuminate\\Container\\BoundMethod::call()
#25 /media/vscalcione/Dati/dev/git-repository/task-app-laravel/vendor/laravel/framework/src/Illuminate/Console/Command.php(134): Illuminate\\Container\\Container->call()
#26 /media/vscalcione/Dati/dev/git-repository/task-app-laravel/vendor/symfony/console/Command/Command.php(258): Illuminate\\Console\\Command->execute()
#27 /media/vscalcione/Dati/dev/git-repository/task-app-laravel/vendor/laravel/framework/src/Illuminate/Console/Command.php(121): Symfony\\Component\\Console\\Command\\Command->run()
#28 /media/vscalcione/Dati/dev/git-repository/task-app-laravel/vendor/symfony/console/Application.php(911): Illuminate\\Console\\Command->run()
#29 /media/vscalcione/Dati/dev/git-repository/task-app-laravel/vendor/symfony/console/Application.php(264): Symfony\\Component\\Console\\Application->doRunCommand()
#30 /media/vscalcione/Dati/dev/git-repository/task-app-laravel/vendor/symfony/console/Application.php(140): Symfony\\Component\\Console\\Application->doRun()
#31 /media/vscalcione/Dati/dev/git-repository/task-app-laravel/vendor/laravel/framework/src/Illuminate/Console/Application.php(93): Symfony\\Component\\Console\\Application->run()
#32 /media/vscalcione/Dati/dev/git-repository/task-app-laravel/vendor/laravel/framework/src/Illuminate/Foundation/Console/Kernel.php(129): Illuminate\\Console\\Application->run()
#33 /media/vscalcione/Dati/dev/git-repository/task-app-laravel/artisan(37): Illuminate\\Foundation\\Console\\Kernel->handle()
#34 {main}
"} 
[2020-07-06 22:01:28] local.ERROR: could not find driver (SQL: select * from information_schema.tables where table_schema = laravel and table_name = migrations and table_type = 'BASE TABLE') {"exception":"[object] (Illuminate\\Database\\QueryException(code: 0): could not find driver (SQL: select * from information_schema.tables where table_schema = laravel and table_name = migrations and table_type = 'BASE TABLE') at /media/vscalcione/Dati/dev/git-repository/task-app-laravel/vendor/laravel/framework/src/Illuminate/Database/Connection.php:671)
[stacktrace]
#0 /media/vscalcione/Dati/dev/git-repository/task-app-laravel/vendor/laravel/framework/src/Illuminate/Database/Connection.php(631): Illuminate\\Database\\Connection->runQueryCallback()
#1 /media/vscalcione/Dati/dev/git-repository/task-app-laravel/vendor/laravel/framework/src/Illuminate/Database/Connection.php(339): Illuminate\\Database\\Connection->run()
#2 /media/vscalcione/Dati/dev/git-repository/task-app-laravel/vendor/laravel/framework/src/Illuminate/Database/Schema/MySqlBuilder.php(18): Illuminate\\Database\\Connection->select()
#3 /media/vscalcione/Dati/dev/git-repository/task-app-laravel/vendor/laravel/framework/src/Illuminate/Database/Migrations/DatabaseMigrationRepository.php(169): Illuminate\\Database\\Schema\\MySqlBuilder->hasTable()
#4 /media/vscalcione/Dati/dev/git-repository/task-app-laravel/vendor/laravel/framework/src/Illuminate/Database/Migrations/Migrator.php(608): Illuminate\\Database\\Migrations\\DatabaseMigrationRepository->repositoryExists()
#5 /media/vscalcione/Dati/dev/git-repository/task-app-laravel/vendor/laravel/framework/src/Illuminate/Database/Console/Migrations/MigrateCommand.php(93): Illuminate\\Database\\Migrations\\Migrator->repositoryExists()
#6 /media/vscalcione/Dati/dev/git-repository/task-app-laravel/vendor/laravel/framework/src/Illuminate/Database/Console/Migrations/MigrateCommand.php(64): Illuminate\\Database\\Console\\Migrations\\MigrateCommand->prepareDatabase()
#7 /media/vscalcione/Dati/dev/git-repository/task-app-laravel/vendor/laravel/framework/src/Illuminate/Database/Migrations/Migrator.php(541): Illuminate\\Database\\Console\\Migrations\\MigrateCommand->Illuminate\\Database\\Console\\Migrations\\{closure}()
#8 /media/vscalcione/Dati/dev/git-repository/task-app-laravel/vendor/laravel/framework/src/Illuminate/Database/Console/Migrations/MigrateCommand.php(81): Illuminate\\Database\\Migrations\\Migrator->usingConnection()
#9 [internal function]: Illuminate\\Database\\Console\\Migrations\\MigrateCommand->handle()
#10 /media/vscalcione/Dati/dev/git-repository/task-app-laravel/vendor/laravel/framework/src/Illuminate/Container/BoundMethod.php(33): call_user_func_array()
#11 /media/vscalcione/Dati/dev/git-repository/task-app-laravel/vendor/laravel/framework/src/Illuminate/Container/Util.php(37): Illuminate\\Container\\BoundMethod::Illuminate\\Container\\{closure}()
#12 /media/vscalcione/Dati/dev/git-repository/task-app-laravel/vendor/laravel/framework/src/Illuminate/Container/BoundMethod.php(91): Illuminate\\Container\\Util::unwrapIfClosure()
#13 /media/vscalcione/Dati/dev/git-repository/task-app-laravel/vendor/laravel/framework/src/Illuminate/Container/BoundMethod.php(35): Illuminate\\Container\\BoundMethod::callBoundMethod()
#14 /media/vscalcione/Dati/dev/git-repository/task-app-laravel/vendor/laravel/framework/src/Illuminate/Container/Container.php(592): Illuminate\\Container\\BoundMethod::call()
#15 /media/vscalcione/Dati/dev/git-repository/task-app-laravel/vendor/laravel/framework/src/Illuminate/Console/Command.php(134): Illuminate\\Container\\Container->call()
#16 /media/vscalcione/Dati/dev/git-repository/task-app-laravel/vendor/symfony/console/Command/Command.php(258): Illuminate\\Console\\Command->execute()
#17 /media/vscalcione/Dati/dev/git-repository/task-app-laravel/vendor/laravel/framework/src/Illuminate/Console/Command.php(121): Symfony\\Component\\Console\\Command\\Command->run()
#18 /media/vscalcione/Dati/dev/git-repository/task-app-laravel/vendor/symfony/console/Application.php(911): Illuminate\\Console\\Command->run()
#19 /media/vscalcione/Dati/dev/git-repository/task-app-laravel/vendor/symfony/console/Application.php(264): Symfony\\Component\\Console\\Application->doRunCommand()
#20 /media/vscalcione/Dati/dev/git-repository/task-app-laravel/vendor/symfony/console/Application.php(140): Symfony\\Component\\Console\\Application->doRun()
#21 /media/vscalcione/Dati/dev/git-repository/task-app-laravel/vendor/laravel/framework/src/Illuminate/Console/Application.php(93): Symfony\\Component\\Console\\Application->run()
#22 /media/vscalcione/Dati/dev/git-repository/task-app-laravel/vendor/laravel/framework/src/Illuminate/Foundation/Console/Kernel.php(129): Illuminate\\Console\\Application->run()
#23 /media/vscalcione/Dati/dev/git-repository/task-app-laravel/artisan(37): Illuminate\\Foundation\\Console\\Kernel->handle()
#24 {main}

[previous exception] [object] (PDOException(code: 0): could not find driver at /media/vscalcione/Dati/dev/git-repository/task-app-laravel/vendor/laravel/framework/src/Illuminate/Database/Connectors/Connector.php:70)
[stacktrace]
#0 /media/vscalcione/Dati/dev/git-repository/task-app-laravel/vendor/laravel/framework/src/Illuminate/Database/Connectors/Connector.php(70): PDO->__construct()
#1 /media/vscalcione/Dati/dev/git-repository/task-app-laravel/vendor/laravel/framework/src/Illuminate/Database/Connectors/Connector.php(46): Illuminate\\Database\\Connectors\\Connector->createPdoConnection()
#2 /media/vscalcione/Dati/dev/git-repository/task-app-laravel/vendor/laravel/framework/src/Illuminate/Database/Connectors/MySqlConnector.php(24): Illuminate\\Database\\Connectors\\Connector->createConnection()
#3 /media/vscalcione/Dati/dev/git-repository/task-app-laravel/vendor/laravel/framework/src/Illuminate/Database/Connectors/ConnectionFactory.php(184): Illuminate\\Database\\Connectors\\MySqlConnector->connect()
#4 [internal function]: Illuminate\\Database\\Connectors\\ConnectionFactory->Illuminate\\Database\\Connectors\\{closure}()
#5 /media/vscalcione/Dati/dev/git-repository/task-app-laravel/vendor/laravel/framework/src/Illuminate/Database/Connection.php(926): call_user_func()
#6 /media/vscalcione/Dati/dev/git-repository/task-app-laravel/vendor/laravel/framework/src/Illuminate/Database/Connection.php(961): Illuminate\\Database\\Connection->getPdo()
#7 /media/vscalcione/Dati/dev/git-repository/task-app-laravel/vendor/laravel/framework/src/Illuminate/Database/Connection.php(405): Illuminate\\Database\\Connection->getReadPdo()
#8 /media/vscalcione/Dati/dev/git-repository/task-app-laravel/vendor/laravel/framework/src/Illuminate/Database/Connection.php(331): Illuminate\\Database\\Connection->getPdoForSelect()
#9 /media/vscalcione/Dati/dev/git-repository/task-app-laravel/vendor/laravel/framework/src/Illuminate/Database/Connection.php(664): Illuminate\\Database\\Connection->Illuminate\\Database\\{closure}()
#10 /media/vscalcione/Dati/dev/git-repository/task-app-laravel/vendor/laravel/framework/src/Illuminate/Database/Connection.php(631): Illuminate\\Database\\Connection->runQueryCallback()
#11 /media/vscalcione/Dati/dev/git-repository/task-app-laravel/vendor/laravel/framework/src/Illuminate/Database/Connection.php(339): Illuminate\\Database\\Connection->run()
#12 /media/vscalcione/Dati/dev/git-repository/task-app-laravel/vendor/laravel/framework/src/Illuminate/Database/Schema/MySqlBuilder.php(18): Illuminate\\Database\\Connection->select()
#13 /media/vscalcione/Dati/dev/git-repository/task-app-laravel/vendor/laravel/framework/src/Illuminate/Database/Migrations/DatabaseMigrationRepository.php(169): Illuminate\\Database\\Schema\\MySqlBuilder->hasTable()
#14 /media/vscalcione/Dati/dev/git-repository/task-app-laravel/vendor/laravel/framework/src/Illuminate/Database/Migrations/Migrator.php(608): Illuminate\\Database\\Migrations\\DatabaseMigrationRepository->repositoryExists()
#15 /media/vscalcione/Dati/dev/git-repository/task-app-laravel/vendor/laravel/framework/src/Illuminate/Database/Console/Migrations/MigrateCommand.php(93): Illuminate\\Database\\Migrations\\Migrator->repositoryExists()
#16 /media/vscalcione/Dati/dev/git-repository/task-app-laravel/vendor/laravel/framework/src/Illuminate/Database/Console/Migrations/MigrateCommand.php(64): Illuminate\\Database\\Console\\Migrations\\MigrateCommand->prepareDatabase()
#17 /media/vscalcione/Dati/dev/git-repository/task-app-laravel/vendor/laravel/framework/src/Illuminate/Database/Migrations/Migrator.php(541): Illuminate\\Database\\Console\\Migrations\\MigrateCommand->Illuminate\\Database\\Console\\Migrations\\{closure}()
#18 /media/vscalcione/Dati/dev/git-repository/task-app-laravel/vendor/laravel/framework/src/Illuminate/Database/Console/Migrations/MigrateCommand.php(81): Illuminate\\Database\\Migrations\\Migrator->usingConnection()
#19 [internal function]: Illuminate\\Database\\Console\\Migrations\\MigrateCommand->handle()
#20 /media/vscalcione/Dati/dev/git-repository/task-app-laravel/vendor/laravel/framework/src/Illuminate/Container/BoundMethod.php(33): call_user_func_array()
#21 /media/vscalcione/Dati/dev/git-repository/task-app-laravel/vendor/laravel/framework/src/Illuminate/Container/Util.php(37): Illuminate\\Container\\BoundMethod::Illuminate\\Container\\{closure}()
#22 /media/vscalcione/Dati/dev/git-repository/task-app-laravel/vendor/laravel/framework/src/Illuminate/Container/BoundMethod.php(91): Illuminate\\Container\\Util::unwrapIfClosure()
#23 /media/vscalcione/Dati/dev/git-repository/task-app-laravel/vendor/laravel/framework/src/Illuminate/Container/BoundMethod.php(35): Illuminate\\Container\\BoundMethod::callBoundMethod()
#24 /media/vscalcione/Dati/dev/git-repository/task-app-laravel/vendor/laravel/framework/src/Illuminate/Container/Container.php(592): Illuminate\\Container\\BoundMethod::call()
#25 /media/vscalcione/Dati/dev/git-repository/task-app-laravel/vendor/laravel/framework/src/Illuminate/Console/Command.php(134): Illuminate\\Container\\Container->call()
#26 /media/vscalcione/Dati/dev/git-repository/task-app-laravel/vendor/symfony/console/Command/Command.php(258): Illuminate\\Console\\Command->execute()
#27 /media/vscalcione/Dati/dev/git-repository/task-app-laravel/vendor/laravel/framework/src/Illuminate/Console/Command.php(121): Symfony\\Component\\Console\\Command\\Command->run()
#28 /media/vscalcione/Dati/dev/git-repository/task-app-laravel/vendor/symfony/console/Application.php(911): Illuminate\\Console\\Command->run()
#29 /media/vscalcione/Dati/dev/git-repository/task-app-laravel/vendor/symfony/console/Application.php(264): Symfony\\Component\\Console\\Application->doRunCommand()
#30 /media/vscalcione/Dati/dev/git-repository/task-app-laravel/vendor/symfony/console/Application.php(140): Symfony\\Component\\Console\\Application->doRun()
#31 /media/vscalcione/Dati/dev/git-repository/task-app-laravel/vendor/laravel/framework/src/Illuminate/Console/Application.php(93): Symfony\\Component\\Console\\Application->run()
#32 /media/vscalcione/Dati/dev/git-repository/task-app-laravel/vendor/laravel/framework/src/Illuminate/Foundation/Console/Kernel.php(129): Illuminate\\Console\\Application->run()
#33 /media/vscalcione/Dati/dev/git-repository/task-app-laravel/artisan(37): Illuminate\\Foundation\\Console\\Kernel->handle()
#34 {main}
"} 
[2020-07-06 22:01:48] local.ERROR: could not find driver (SQL: select * from information_schema.tables where table_schema = laravel and table_name = migrations and table_type = 'BASE TABLE') {"exception":"[object] (Illuminate\\Database\\QueryException(code: 0): could not find driver (SQL: select * from information_schema.tables where table_schema = laravel and table_name = migrations and table_type = 'BASE TABLE') at /media/vscalcione/Dati/dev/git-repository/task-app-laravel/vendor/laravel/framework/src/Illuminate/Database/Connection.php:671)
[stacktrace]
#0 /media/vscalcione/Dati/dev/git-repository/task-app-laravel/vendor/laravel/framework/src/Illuminate/Database/Connection.php(631): Illuminate\\Database\\Connection->runQueryCallback()
#1 /media/vscalcione/Dati/dev/git-repository/task-app-laravel/vendor/laravel/framework/src/Illuminate/Database/Connection.php(339): Illuminate\\Database\\Connection->run()
#2 /media/vscalcione/Dati/dev/git-repository/task-app-laravel/vendor/laravel/framework/src/Illuminate/Database/Schema/MySqlBuilder.php(18): Illuminate\\Database\\Connection->select()
#3 /media/vscalcione/Dati/dev/git-repository/task-app-laravel/vendor/laravel/framework/src/Illuminate/Database/Migrations/DatabaseMigrationRepository.php(169): Illuminate\\Database\\Schema\\MySqlBuilder->hasTable()
#4 /media/vscalcione/Dati/dev/git-repository/task-app-laravel/vendor/laravel/framework/src/Illuminate/Database/Migrations/Migrator.php(608): Illuminate\\Database\\Migrations\\DatabaseMigrationRepository->repositoryExists()
#5 /media/vscalcione/Dati/dev/git-repository/task-app-laravel/vendor/laravel/framework/src/Illuminate/Database/Console/Migrations/MigrateCommand.php(93): Illuminate\\Database\\Migrations\\Migrator->repositoryExists()
#6 /media/vscalcione/Dati/dev/git-repository/task-app-laravel/vendor/laravel/framework/src/Illuminate/Database/Console/Migrations/MigrateCommand.php(64): Illuminate\\Database\\Console\\Migrations\\MigrateCommand->prepareDatabase()
#7 /media/vscalcione/Dati/dev/git-repository/task-app-laravel/vendor/laravel/framework/src/Illuminate/Database/Migrations/Migrator.php(541): Illuminate\\Database\\Console\\Migrations\\MigrateCommand->Illuminate\\Database\\Console\\Migrations\\{closure}()
#8 /media/vscalcione/Dati/dev/git-repository/task-app-laravel/vendor/laravel/framework/src/Illuminate/Database/Console/Migrations/MigrateCommand.php(81): Illuminate\\Database\\Migrations\\Migrator->usingConnection()
#9 [internal function]: Illuminate\\Database\\Console\\Migrations\\MigrateCommand->handle()
#10 /media/vscalcione/Dati/dev/git-repository/task-app-laravel/vendor/laravel/framework/src/Illuminate/Container/BoundMethod.php(33): call_user_func_array()
#11 /media/vscalcione/Dati/dev/git-repository/task-app-laravel/vendor/laravel/framework/src/Illuminate/Container/Util.php(37): Illuminate\\Container\\BoundMethod::Illuminate\\Container\\{closure}()
#12 /media/vscalcione/Dati/dev/git-repository/task-app-laravel/vendor/laravel/framework/src/Illuminate/Container/BoundMethod.php(91): Illuminate\\Container\\Util::unwrapIfClosure()
#13 /media/vscalcione/Dati/dev/git-repository/task-app-laravel/vendor/laravel/framework/src/Illuminate/Container/BoundMethod.php(35): Illuminate\\Container\\BoundMethod::callBoundMethod()
#14 /media/vscalcione/Dati/dev/git-repository/task-app-laravel/vendor/laravel/framework/src/Illuminate/Container/Container.php(592): Illuminate\\Container\\BoundMethod::call()
#15 /media/vscalcione/Dati/dev/git-repository/task-app-laravel/vendor/laravel/framework/src/Illuminate/Console/Command.php(134): Illuminate\\Container\\Container->call()
#16 /media/vscalcione/Dati/dev/git-repository/task-app-laravel/vendor/symfony/console/Command/Command.php(258): Illuminate\\Console\\Command->execute()
#17 /media/vscalcione/Dati/dev/git-repository/task-app-laravel/vendor/laravel/framework/src/Illuminate/Console/Command.php(121): Symfony\\Component\\Console\\Command\\Command->run()
#18 /media/vscalcione/Dati/dev/git-repository/task-app-laravel/vendor/symfony/console/Application.php(911): Illuminate\\Console\\Command->run()
#19 /media/vscalcione/Dati/dev/git-repository/task-app-laravel/vendor/symfony/console/Application.php(264): Symfony\\Component\\Console\\Application->doRunCommand()
#20 /media/vscalcione/Dati/dev/git-repository/task-app-laravel/vendor/symfony/console/Application.php(140): Symfony\\Component\\Console\\Application->doRun()
#21 /media/vscalcione/Dati/dev/git-repository/task-app-laravel/vendor/laravel/framework/src/Illuminate/Console/Application.php(93): Symfony\\Component\\Console\\Application->run()
#22 /media/vscalcione/Dati/dev/git-repository/task-app-laravel/vendor/laravel/framework/src/Illuminate/Foundation/Console/Kernel.php(129): Illuminate\\Console\\Application->run()
#23 /media/vscalcione/Dati/dev/git-repository/task-app-laravel/artisan(37): Illuminate\\Foundation\\Console\\Kernel->handle()
#24 {main}

[previous exception] [object] (PDOException(code: 0): could not find driver at /media/vscalcione/Dati/dev/git-repository/task-app-laravel/vendor/laravel/framework/src/Illuminate/Database/Connectors/Connector.php:70)
[stacktrace]
#0 /media/vscalcione/Dati/dev/git-repository/task-app-laravel/vendor/laravel/framework/src/Illuminate/Database/Connectors/Connector.php(70): PDO->__construct()
#1 /media/vscalcione/Dati/dev/git-repository/task-app-laravel/vendor/laravel/framework/src/Illuminate/Database/Connectors/Connector.php(46): Illuminate\\Database\\Connectors\\Connector->createPdoConnection()
#2 /media/vscalcione/Dati/dev/git-repository/task-app-laravel/vendor/laravel/framework/src/Illuminate/Database/Connectors/MySqlConnector.php(24): Illuminate\\Database\\Connectors\\Connector->createConnection()
#3 /media/vscalcione/Dati/dev/git-repository/task-app-laravel/vendor/laravel/framework/src/Illuminate/Database/Connectors/ConnectionFactory.php(184): Illuminate\\Database\\Connectors\\MySqlConnector->connect()
#4 [internal function]: Illuminate\\Database\\Connectors\\ConnectionFactory->Illuminate\\Database\\Connectors\\{closure}()
#5 /media/vscalcione/Dati/dev/git-repository/task-app-laravel/vendor/laravel/framework/src/Illuminate/Database/Connection.php(926): call_user_func()
#6 /media/vscalcione/Dati/dev/git-repository/task-app-laravel/vendor/laravel/framework/src/Illuminate/Database/Connection.php(961): Illuminate\\Database\\Connection->getPdo()
#7 /media/vscalcione/Dati/dev/git-repository/task-app-laravel/vendor/laravel/framework/src/Illuminate/Database/Connection.php(405): Illuminate\\Database\\Connection->getReadPdo()
#8 /media/vscalcione/Dati/dev/git-repository/task-app-laravel/vendor/laravel/framework/src/Illuminate/Database/Connection.php(331): Illuminate\\Database\\Connection->getPdoForSelect()
#9 /media/vscalcione/Dati/dev/git-repository/task-app-laravel/vendor/laravel/framework/src/Illuminate/Database/Connection.php(664): Illuminate\\Database\\Connection->Illuminate\\Database\\{closure}()
#10 /media/vscalcione/Dati/dev/git-repository/task-app-laravel/vendor/laravel/framework/src/Illuminate/Database/Connection.php(631): Illuminate\\Database\\Connection->runQueryCallback()
#11 /media/vscalcione/Dati/dev/git-repository/task-app-laravel/vendor/laravel/framework/src/Illuminate/Database/Connection.php(339): Illuminate\\Database\\Connection->run()
#12 /media/vscalcione/Dati/dev/git-repository/task-app-laravel/vendor/laravel/framework/src/Illuminate/Database/Schema/MySqlBuilder.php(18): Illuminate\\Database\\Connection->select()
#13 /media/vscalcione/Dati/dev/git-repository/task-app-laravel/vendor/laravel/framework/src/Illuminate/Database/Migrations/DatabaseMigrationRepository.php(169): Illuminate\\Database\\Schema\\MySqlBuilder->hasTable()
#14 /media/vscalcione/Dati/dev/git-repository/task-app-laravel/vendor/laravel/framework/src/Illuminate/Database/Migrations/Migrator.php(608): Illuminate\\Database\\Migrations\\DatabaseMigrationRepository->repositoryExists()
#15 /media/vscalcione/Dati/dev/git-repository/task-app-laravel/vendor/laravel/framework/src/Illuminate/Database/Console/Migrations/MigrateCommand.php(93): Illuminate\\Database\\Migrations\\Migrator->repositoryExists()
#16 /media/vscalcione/Dati/dev/git-repository/task-app-laravel/vendor/laravel/framework/src/Illuminate/Database/Console/Migrations/MigrateCommand.php(64): Illuminate\\Database\\Console\\Migrations\\MigrateCommand->prepareDatabase()
#17 /media/vscalcione/Dati/dev/git-repository/task-app-laravel/vendor/laravel/framework/src/Illuminate/Database/Migrations/Migrator.php(541): Illuminate\\Database\\Console\\Migrations\\MigrateCommand->Illuminate\\Database\\Console\\Migrations\\{closure}()
#18 /media/vscalcione/Dati/dev/git-repository/task-app-laravel/vendor/laravel/framework/src/Illuminate/Database/Console/Migrations/MigrateCommand.php(81): Illuminate\\Database\\Migrations\\Migrator->usingConnection()
#19 [internal function]: Illuminate\\Database\\Console\\Migrations\\MigrateCommand->handle()
#20 /media/vscalcione/Dati/dev/git-repository/task-app-laravel/vendor/laravel/framework/src/Illuminate/Container/BoundMethod.php(33): call_user_func_array()
#21 /media/vscalcione/Dati/dev/git-repository/task-app-laravel/vendor/laravel/framework/src/Illuminate/Container/Util.php(37): Illuminate\\Container\\BoundMethod::Illuminate\\Container\\{closure}()
#22 /media/vscalcione/Dati/dev/git-repository/task-app-laravel/vendor/laravel/framework/src/Illuminate/Container/BoundMethod.php(91): Illuminate\\Container\\Util::unwrapIfClosure()
#23 /media/vscalcione/Dati/dev/git-repository/task-app-laravel/vendor/laravel/framework/src/Illuminate/Container/BoundMethod.php(35): Illuminate\\Container\\BoundMethod::callBoundMethod()
#24 /media/vscalcione/Dati/dev/git-repository/task-app-laravel/vendor/laravel/framework/src/Illuminate/Container/Container.php(592): Illuminate\\Container\\BoundMethod::call()
#25 /media/vscalcione/Dati/dev/git-repository/task-app-laravel/vendor/laravel/framework/src/Illuminate/Console/Command.php(134): Illuminate\\Container\\Container->call()
#26 /media/vscalcione/Dati/dev/git-repository/task-app-laravel/vendor/symfony/console/Command/Command.php(258): Illuminate\\Console\\Command->execute()
#27 /media/vscalcione/Dati/dev/git-repository/task-app-laravel/vendor/laravel/framework/src/Illuminate/Console/Command.php(121): Symfony\\Component\\Console\\Command\\Command->run()
#28 /media/vscalcione/Dati/dev/git-repository/task-app-laravel/vendor/symfony/console/Application.php(911): Illuminate\\Console\\Command->run()
#29 /media/vscalcione/Dati/dev/git-repository/task-app-laravel/vendor/symfony/console/Application.php(264): Symfony\\Component\\Console\\Application->doRunCommand()
#30 /media/vscalcione/Dati/dev/git-repository/task-app-laravel/vendor/symfony/console/Application.php(140): Symfony\\Component\\Console\\Application->doRun()
#31 /media/vscalcione/Dati/dev/git-repository/task-app-laravel/vendor/laravel/framework/src/Illuminate/Console/Application.php(93): Symfony\\Component\\Console\\Application->run()
#32 /media/vscalcione/Dati/dev/git-repository/task-app-laravel/vendor/laravel/framework/src/Illuminate/Foundation/Console/Kernel.php(129): Illuminate\\Console\\Application->run()
#33 /media/vscalcione/Dati/dev/git-repository/task-app-laravel/artisan(37): Illuminate\\Foundation\\Console\\Kernel->handle()
#34 {main}
"} 
[2020-07-06 22:02:26] local.ERROR: SQLSTATE[HY000] [2002] Connection refused (SQL: select * from information_schema.tables where table_schema = laravel and table_name = migrations and table_type = 'BASE TABLE') {"exception":"[object] (Illuminate\\Database\\QueryException(code: 2002): SQLSTATE[HY000] [2002] Connection refused (SQL: select * from information_schema.tables where table_schema = laravel and table_name = migrations and table_type = 'BASE TABLE') at /media/vscalcione/Dati/dev/git-repository/task-app-laravel/vendor/laravel/framework/src/Illuminate/Database/Connection.php:671)
[stacktrace]
#0 /media/vscalcione/Dati/dev/git-repository/task-app-laravel/vendor/laravel/framework/src/Illuminate/Database/Connection.php(745): Illuminate\\Database\\Connection->runQueryCallback()
#1 /media/vscalcione/Dati/dev/git-repository/task-app-laravel/vendor/laravel/framework/src/Illuminate/Database/Connection.php(725): Illuminate\\Database\\Connection->tryAgainIfCausedByLostConnection()
#2 /media/vscalcione/Dati/dev/git-repository/task-app-laravel/vendor/laravel/framework/src/Illuminate/Database/Connection.php(634): Illuminate\\Database\\Connection->handleQueryException()
#3 /media/vscalcione/Dati/dev/git-repository/task-app-laravel/vendor/laravel/framework/src/Illuminate/Database/Connection.php(339): Illuminate\\Database\\Connection->run()
#4 /media/vscalcione/Dati/dev/git-repository/task-app-laravel/vendor/laravel/framework/src/Illuminate/Database/Schema/MySqlBuilder.php(18): Illuminate\\Database\\Connection->select()
#5 /media/vscalcione/Dati/dev/git-repository/task-app-laravel/vendor/laravel/framework/src/Illuminate/Database/Migrations/DatabaseMigrationRepository.php(169): Illuminate\\Database\\Schema\\MySqlBuilder->hasTable()
#6 /media/vscalcione/Dati/dev/git-repository/task-app-laravel/vendor/laravel/framework/src/Illuminate/Database/Migrations/Migrator.php(608): Illuminate\\Database\\Migrations\\DatabaseMigrationRepository->repositoryExists()
#7 /media/vscalcione/Dati/dev/git-repository/task-app-laravel/vendor/laravel/framework/src/Illuminate/Database/Console/Migrations/MigrateCommand.php(93): Illuminate\\Database\\Migrations\\Migrator->repositoryExists()
#8 /media/vscalcione/Dati/dev/git-repository/task-app-laravel/vendor/laravel/framework/src/Illuminate/Database/Console/Migrations/MigrateCommand.php(64): Illuminate\\Database\\Console\\Migrations\\MigrateCommand->prepareDatabase()
#9 /media/vscalcione/Dati/dev/git-repository/task-app-laravel/vendor/laravel/framework/src/Illuminate/Database/Migrations/Migrator.php(541): Illuminate\\Database\\Console\\Migrations\\MigrateCommand->Illuminate\\Database\\Console\\Migrations\\{closure}()
#10 /media/vscalcione/Dati/dev/git-repository/task-app-laravel/vendor/laravel/framework/src/Illuminate/Database/Console/Migrations/MigrateCommand.php(81): Illuminate\\Database\\Migrations\\Migrator->usingConnection()
#11 [internal function]: Illuminate\\Database\\Console\\Migrations\\MigrateCommand->handle()
#12 /media/vscalcione/Dati/dev/git-repository/task-app-laravel/vendor/laravel/framework/src/Illuminate/Container/BoundMethod.php(33): call_user_func_array()
#13 /media/vscalcione/Dati/dev/git-repository/task-app-laravel/vendor/laravel/framework/src/Illuminate/Container/Util.php(37): Illuminate\\Container\\BoundMethod::Illuminate\\Container\\{closure}()
#14 /media/vscalcione/Dati/dev/git-repository/task-app-laravel/vendor/laravel/framework/src/Illuminate/Container/BoundMethod.php(91): Illuminate\\Container\\Util::unwrapIfClosure()
#15 /media/vscalcione/Dati/dev/git-repository/task-app-laravel/vendor/laravel/framework/src/Illuminate/Container/BoundMethod.php(35): Illuminate\\Container\\BoundMethod::callBoundMethod()
#16 /media/vscalcione/Dati/dev/git-repository/task-app-laravel/vendor/laravel/framework/src/Illuminate/Container/Container.php(592): Illuminate\\Container\\BoundMethod::call()
#17 /media/vscalcione/Dati/dev/git-repository/task-app-laravel/vendor/laravel/framework/src/Illuminate/Console/Command.php(134): Illuminate\\Container\\Container->call()
#18 /media/vscalcione/Dati/dev/git-repository/task-app-laravel/vendor/symfony/console/Command/Command.php(258): Illuminate\\Console\\Command->execute()
#19 /media/vscalcione/Dati/dev/git-repository/task-app-laravel/vendor/laravel/framework/src/Illuminate/Console/Command.php(121): Symfony\\Component\\Console\\Command\\Command->run()
#20 /media/vscalcione/Dati/dev/git-repository/task-app-laravel/vendor/symfony/console/Application.php(911): Illuminate\\Console\\Command->run()
#21 /media/vscalcione/Dati/dev/git-repository/task-app-laravel/vendor/symfony/console/Application.php(264): Symfony\\Component\\Console\\Application->doRunCommand()
#22 /media/vscalcione/Dati/dev/git-repository/task-app-laravel/vendor/symfony/console/Application.php(140): Symfony\\Component\\Console\\Application->doRun()
#23 /media/vscalcione/Dati/dev/git-repository/task-app-laravel/vendor/laravel/framework/src/Illuminate/Console/Application.php(93): Symfony\\Component\\Console\\Application->run()
#24 /media/vscalcione/Dati/dev/git-repository/task-app-laravel/vendor/laravel/framework/src/Illuminate/Foundation/Console/Kernel.php(129): Illuminate\\Console\\Application->run()
#25 /media/vscalcione/Dati/dev/git-repository/task-app-laravel/artisan(37): Illuminate\\Foundation\\Console\\Kernel->handle()
#26 {main}

[previous exception] [object] (PDOException(code: 2002): SQLSTATE[HY000] [2002] Connection refused at /media/vscalcione/Dati/dev/git-repository/task-app-laravel/vendor/laravel/framework/src/Illuminate/Database/Connectors/Connector.php:70)
[stacktrace]
#0 /media/vscalcione/Dati/dev/git-repository/task-app-laravel/vendor/laravel/framework/src/Illuminate/Database/Connectors/Connector.php(70): PDO->__construct()
#1 /media/vscalcione/Dati/dev/git-repository/task-app-laravel/vendor/laravel/framework/src/Illuminate/Database/Connectors/Connector.php(100): Illuminate\\Database\\Connectors\\Connector->createPdoConnection()
#2 /media/vscalcione/Dati/dev/git-repository/task-app-laravel/vendor/laravel/framework/src/Illuminate/Database/Connectors/Connector.php(50): Illuminate\\Database\\Connectors\\Connector->tryAgainIfCausedByLostConnection()
#3 /media/vscalcione/Dati/dev/git-repository/task-app-laravel/vendor/laravel/framework/src/Illuminate/Database/Connectors/MySqlConnector.php(24): Illuminate\\Database\\Connectors\\Connector->createConnection()
#4 /media/vscalcione/Dati/dev/git-repository/task-app-laravel/vendor/laravel/framework/src/Illuminate/Database/Connectors/ConnectionFactory.php(184): Illuminate\\Database\\Connectors\\MySqlConnector->connect()
#5 [internal function]: Illuminate\\Database\\Connectors\\ConnectionFactory->Illuminate\\Database\\Connectors\\{closure}()
#6 /media/vscalcione/Dati/dev/git-repository/task-app-laravel/vendor/laravel/framework/src/Illuminate/Database/Connection.php(926): call_user_func()
#7 /media/vscalcione/Dati/dev/git-repository/task-app-laravel/vendor/laravel/framework/src/Illuminate/Database/Connection.php(961): Illuminate\\Database\\Connection->getPdo()
#8 /media/vscalcione/Dati/dev/git-repository/task-app-laravel/vendor/laravel/framework/src/Illuminate/Database/Connection.php(405): Illuminate\\Database\\Connection->getReadPdo()
#9 /media/vscalcione/Dati/dev/git-repository/task-app-laravel/vendor/laravel/framework/src/Illuminate/Database/Connection.php(331): Illuminate\\Database\\Connection->getPdoForSelect()
#10 /media/vscalcione/Dati/dev/git-repository/task-app-laravel/vendor/laravel/framework/src/Illuminate/Database/Connection.php(664): Illuminate\\Database\\Connection->Illuminate\\Database\\{closure}()
#11 /media/vscalcione/Dati/dev/git-repository/task-app-laravel/vendor/laravel/framework/src/Illuminate/Database/Connection.php(745): Illuminate\\Database\\Connection->runQueryCallback()
#12 /media/vscalcione/Dati/dev/git-repository/task-app-laravel/vendor/laravel/framework/src/Illuminate/Database/Connection.php(725): Illuminate\\Database\\Connection->tryAgainIfCausedByLostConnection()
#13 /media/vscalcione/Dati/dev/git-repository/task-app-laravel/vendor/laravel/framework/src/Illuminate/Database/Connection.php(634): Illuminate\\Database\\Connection->handleQueryException()
#14 /media/vscalcione/Dati/dev/git-repository/task-app-laravel/vendor/laravel/framework/src/Illuminate/Database/Connection.php(339): Illuminate\\Database\\Connection->run()
#15 /media/vscalcione/Dati/dev/git-repository/task-app-laravel/vendor/laravel/framework/src/Illuminate/Database/Schema/MySqlBuilder.php(18): Illuminate\\Database\\Connection->select()
#16 /media/vscalcione/Dati/dev/git-repository/task-app-laravel/vendor/laravel/framework/src/Illuminate/Database/Migrations/DatabaseMigrationRepository.php(169): Illuminate\\Database\\Schema\\MySqlBuilder->hasTable()
#17 /media/vscalcione/Dati/dev/git-repository/task-app-laravel/vendor/laravel/framework/src/Illuminate/Database/Migrations/Migrator.php(608): Illuminate\\Database\\Migrations\\DatabaseMigrationRepository->repositoryExists()
#18 /media/vscalcione/Dati/dev/git-repository/task-app-laravel/vendor/laravel/framework/src/Illuminate/Database/Console/Migrations/MigrateCommand.php(93): Illuminate\\Database\\Migrations\\Migrator->repositoryExists()
#19 /media/vscalcione/Dati/dev/git-repository/task-app-laravel/vendor/laravel/framework/src/Illuminate/Database/Console/Migrations/MigrateCommand.php(64): Illuminate\\Database\\Console\\Migrations\\MigrateCommand->prepareDatabase()
#20 /media/vscalcione/Dati/dev/git-repository/task-app-laravel/vendor/laravel/framework/src/Illuminate/Database/Migrations/Migrator.php(541): Illuminate\\Database\\Console\\Migrations\\MigrateCommand->Illuminate\\Database\\Console\\Migrations\\{closure}()
#21 /media/vscalcione/Dati/dev/git-repository/task-app-laravel/vendor/laravel/framework/src/Illuminate/Database/Console/Migrations/MigrateCommand.php(81): Illuminate\\Database\\Migrations\\Migrator->usingConnection()
#22 [internal function]: Illuminate\\Database\\Console\\Migrations\\MigrateCommand->handle()
#23 /media/vscalcione/Dati/dev/git-repository/task-app-laravel/vendor/laravel/framework/src/Illuminate/Container/BoundMethod.php(33): call_user_func_array()
#24 /media/vscalcione/Dati/dev/git-repository/task-app-laravel/vendor/laravel/framework/src/Illuminate/Container/Util.php(37): Illuminate\\Container\\BoundMethod::Illuminate\\Container\\{closure}()
#25 /media/vscalcione/Dati/dev/git-repository/task-app-laravel/vendor/laravel/framework/src/Illuminate/Container/BoundMethod.php(91): Illuminate\\Container\\Util::unwrapIfClosure()
#26 /media/vscalcione/Dati/dev/git-repository/task-app-laravel/vendor/laravel/framework/src/Illuminate/Container/BoundMethod.php(35): Illuminate\\Container\\BoundMethod::callBoundMethod()
#27 /media/vscalcione/Dati/dev/git-repository/task-app-laravel/vendor/laravel/framework/src/Illuminate/Container/Container.php(592): Illuminate\\Container\\BoundMethod::call()
#28 /media/vscalcione/Dati/dev/git-repository/task-app-laravel/vendor/laravel/framework/src/Illuminate/Console/Command.php(134): Illuminate\\Container\\Container->call()
#29 /media/vscalcione/Dati/dev/git-repository/task-app-laravel/vendor/symfony/console/Command/Command.php(258): Illuminate\\Console\\Command->execute()
#30 /media/vscalcione/Dati/dev/git-repository/task-app-laravel/vendor/laravel/framework/src/Illuminate/Console/Command.php(121): Symfony\\Component\\Console\\Command\\Command->run()
#31 /media/vscalcione/Dati/dev/git-repository/task-app-laravel/vendor/symfony/console/Application.php(911): Illuminate\\Console\\Command->run()
#32 /media/vscalcione/Dati/dev/git-repository/task-app-laravel/vendor/symfony/console/Application.php(264): Symfony\\Component\\Console\\Application->doRunCommand()
#33 /media/vscalcione/Dati/dev/git-repository/task-app-laravel/vendor/symfony/console/Application.php(140): Symfony\\Component\\Console\\Application->doRun()
#34 /media/vscalcione/Dati/dev/git-repository/task-app-laravel/vendor/laravel/framework/src/Illuminate/Console/Application.php(93): Symfony\\Component\\Console\\Application->run()
#35 /media/vscalcione/Dati/dev/git-repository/task-app-laravel/vendor/laravel/framework/src/Illuminate/Foundation/Console/Kernel.php(129): Illuminate\\Console\\Application->run()
#36 /media/vscalcione/Dati/dev/git-repository/task-app-laravel/artisan(37): Illuminate\\Foundation\\Console\\Kernel->handle()
#37 {main}
"} 
[2020-07-07 08:28:57] local.ERROR: Command "make:auth" is not defined.

Did you mean one of these?
    make:cast
    make:channel
    make:command
    make:component
    make:controller
    make:event
    make:exception
    make:factory
    make:job
    make:listener
    make:mail
    make:middleware
    make:migration
    make:model
    make:notification
    make:observer
    make:policy
    make:provider
    make:request
    make:resource
    make:rule
    make:seeder
    make:test
    ui:auth {"exception":"[object] (Symfony\\Component\\Console\\Exception\\CommandNotFoundException(code: 0): Command \"make:auth\" is not defined.

Did you mean one of these?
    make:cast
    make:channel
    make:command
    make:component
    make:controller
    make:event
    make:exception
    make:factory
    make:job
    make:listener
    make:mail
    make:middleware
    make:migration
    make:model
    make:notification
    make:observer
    make:policy
    make:provider
    make:request
    make:resource
    make:rule
    make:seeder
    make:test
    ui:auth at /media/vscalcione/Dati/dev/git-repository/task-app-laravel/vendor/symfony/console/Application.php:644)
[stacktrace]
#0 /media/vscalcione/Dati/dev/git-repository/task-app-laravel/vendor/symfony/console/Application.php(228): Symfony\\Component\\Console\\Application->find()
#1 /media/vscalcione/Dati/dev/git-repository/task-app-laravel/vendor/symfony/console/Application.php(140): Symfony\\Component\\Console\\Application->doRun()
#2 /media/vscalcione/Dati/dev/git-repository/task-app-laravel/vendor/laravel/framework/src/Illuminate/Console/Application.php(93): Symfony\\Component\\Console\\Application->run()
#3 /media/vscalcione/Dati/dev/git-repository/task-app-laravel/vendor/laravel/framework/src/Illuminate/Foundation/Console/Kernel.php(129): Illuminate\\Console\\Application->run()
#4 /media/vscalcione/Dati/dev/git-repository/task-app-laravel/artisan(37): Illuminate\\Foundation\\Console\\Kernel->handle()
#5 {main}
"} 
